<?xml version="1.0" encoding="UTF-8"?>
<testng-results ignored="0" total="1" passed="1" failed="0" skipped="0">
  <reporter-output>
  </reporter-output>
  <suite started-at="2025-07-24T04:41:51Z" name="Default suite" finished-at="2025-07-24T04:42:25Z" duration-ms="33663">
    <groups>
    </groups>
    <test started-at="2025-07-24T04:41:51Z" name="Default test" finished-at="2025-07-24T04:42:25Z" duration-ms="33663">
      <class name="tutorialsninja.register.TC_RF_001">
        <test-method is-config="true" signature="setUp()[pri:0, instance:tutorialsninja.register.TC_RF_001@7393222f]" started-at="2025-07-24T04:41:51Z" name="setUp" finished-at="2025-07-24T04:41:55Z" duration-ms="3832" status="PASS">
          <reporter-output>
          </reporter-output>
        </test-method> <!-- setUp -->
        <test-method signature="register()[pri:0, instance:tutorialsninja.register.TC_RF_001@7393222f]" started-at="2025-07-24T04:41:55Z" name="register" finished-at="2025-07-24T04:42:24Z" duration-ms="29573" status="PASS">
          <reporter-output>
          </reporter-output>
        </test-method> <!-- register -->
        <test-method is-config="true" signature="tearDown()[pri:0, instance:tutorialsninja.register.TC_RF_001@7393222f]" started-at="2025-07-24T04:42:24Z" name="tearDown" finished-at="2025-07-24T04:42:25Z" duration-ms="238" status="PASS">
          <reporter-output>
          </reporter-output>
        </test-method> <!-- tearDown -->
      </class> <!-- tutorialsninja.register.TC_RF_001 -->
    </test> <!-- Default test -->
  </suite> <!-- Default suite -->
</testng-results>
